<?xml version="1.0" encoding="UTF-8"?>
<coverage generated="1730027253607" clover="3.2.0">
  <project timestamp="1730027253608" name="All files">
    <metrics statements="83" coveredstatements="55" conditionals="26" coveredconditionals="13" methods="11" coveredmethods="7" elements="120" coveredelements="75" complexity="0" loc="83" ncloc="83" packages="1" files="1" classes="1"/>
    <file name="app.js" path="E:\BINAR\coba5\app.js">
      <metrics statements="83" coveredstatements="55" conditionals="26" coveredconditionals="13" methods="11" coveredmethods="7"/>
      <line num="1" count="1" type="stmt"/>
      <line num="2" count="1" type="stmt"/>
      <line num="3" count="1" type="stmt"/>
      <line num="4" count="1" type="stmt"/>
      <line num="5" count="1" type="stmt"/>
      <line num="7" count="1" type="stmt"/>
      <line num="8" count="1" type="stmt"/>
      <line num="9" count="1" type="stmt"/>
      <line num="11" count="1" type="stmt"/>
      <line num="14" count="1" type="stmt"/>
      <line num="31" count="1" type="stmt"/>
      <line num="32" count="1" type="stmt"/>
      <line num="64" count="1" type="stmt"/>
      <line num="66" count="8" type="stmt"/>
      <line num="69" count="8" type="cond" truecount="1" falsecount="1"/>
      <line num="77" count="0" type="stmt"/>
      <line num="83" count="8" type="stmt"/>
      <line num="84" count="8" type="cond" truecount="1" falsecount="1"/>
      <line num="85" count="0" type="stmt"/>
      <line num="90" count="8" type="stmt"/>
      <line num="91" count="8" type="stmt"/>
      <line num="108" count="8" type="stmt"/>
      <line num="111" count="0" type="cond" truecount="0" falsecount="2"/>
      <line num="112" count="0" type="stmt"/>
      <line num="117" count="0" type="stmt"/>
      <line num="149" count="1" type="stmt"/>
      <line num="150" count="8" type="stmt"/>
      <line num="151" count="8" type="stmt"/>
      <line num="159" count="8" type="stmt"/>
      <line num="186" count="1" type="stmt"/>
      <line num="187" count="3" type="stmt"/>
      <line num="188" count="3" type="stmt"/>
      <line num="189" count="3" type="stmt"/>
      <line num="190" count="3" type="stmt"/>
      <line num="193" count="3" type="cond" truecount="1" falsecount="1"/>
      <line num="194" count="3" type="cond" truecount="2" falsecount="0"/>
      <line num="196" count="2" type="stmt"/>
      <line num="199" count="2" type="cond" truecount="1" falsecount="1"/>
      <line num="200" count="0" type="stmt"/>
      <line num="202" count="2" type="stmt"/>
      <line num="206" count="2" type="stmt"/>
      <line num="211" count="2" type="stmt"/>
      <line num="218" count="2" type="stmt"/>
      <line num="225" count="2" type="stmt"/>
      <line num="227" count="1" type="stmt"/>
      <line num="240" count="1" type="stmt"/>
      <line num="241" count="1" type="stmt"/>
      <line num="244" count="1" type="stmt"/>
      <line num="264" count="1" type="stmt"/>
      <line num="265" count="0" type="stmt"/>
      <line num="269" count="0" type="cond" truecount="0" falsecount="2"/>
      <line num="270" count="0" type="stmt"/>
      <line num="273" count="0" type="stmt"/>
      <line num="285" count="1" type="stmt"/>
      <line num="286" count="1" type="stmt"/>
      <line num="287" count="1" type="stmt"/>
      <line num="294" count="1" type="stmt"/>
      <line num="296" count="0" type="stmt"/>
      <line num="317" count="1" type="stmt"/>
      <line num="318" count="0" type="stmt"/>
      <line num="319" count="0" type="stmt"/>
      <line num="320" count="0" type="stmt"/>
      <line num="328" count="0" type="cond" truecount="0" falsecount="2"/>
      <line num="329" count="0" type="stmt"/>
      <line num="330" count="0" type="stmt"/>
      <line num="332" count="0" type="stmt"/>
      <line num="345" count="1" type="stmt"/>
      <line num="346" count="1" type="stmt"/>
      <line num="347" count="1" type="stmt"/>
      <line num="350" count="1" type="stmt"/>
      <line num="352" count="0" type="stmt"/>
      <line num="373" count="1" type="stmt"/>
      <line num="374" count="0" type="stmt"/>
      <line num="375" count="0" type="stmt"/>
      <line num="376" count="0" type="stmt"/>
      <line num="395" count="0" type="cond" truecount="0" falsecount="2"/>
      <line num="396" count="0" type="stmt"/>
      <line num="397" count="0" type="stmt"/>
      <line num="399" count="0" type="stmt"/>
      <line num="402" count="1" type="cond" truecount="1" falsecount="1"/>
      <line num="403" count="0" type="stmt"/>
      <line num="404" count="0" type="stmt"/>
      <line num="408" count="1" type="stmt"/>
    </file>
  </project>
</coverage>
