{"E:\\BINAR\\coba5\\app.js": {"path":"E:\\BINAR\\coba5\\app.js","statementMap":{"0":{"start":{"line":1,"column":0},"end":{"line":1,"column":27}},"1":{"start":{"line":2,"column":16},"end":{"line":2,"column":34}},"2":{"start":{"line":3,"column":12},"end":{"line":3,"column":21}},"3":{"start":{"line":4,"column":25},"end":{"line":4,"column":50}},"4":{"start":{"line":5,"column":21},"end":{"line":5,"column":45}},"5":{"start":{"line":6,"column":18},"end":{"line":6,"column":47}},"6":{"start":{"line":7,"column":15},"end":{"line":7,"column":32}},"7":{"start":{"line":8,"column":16},"end":{"line":8,"column":42}},"8":{"start":{"line":9,"column":14},"end":{"line":9,"column":38}},"9":{"start":{"line":10,"column":19},"end":{"line":10,"column":44}},"10":{"start":{"line":11,"column":17},"end":{"line":11,"column":42}},"11":{"start":{"line":13,"column":13},"end":{"line":13,"column":37}},"12":{"start":{"line":14,"column":15},"end":{"line":14,"column":33}},"13":{"start":{"line":16,"column":0},"end":{"line":16,"column":30}},"14":{"start":{"line":17,"column":0},"end":{"line":17,"column":24}},"15":{"start":{"line":18,"column":0},"end":{"line":18,"column":48}},"16":{"start":{"line":20,"column":0},"end":{"line":26,"column":2}},"17":{"start":{"line":28,"column":0},"end":{"line":28,"column":31}},"18":{"start":{"line":29,"column":0},"end":{"line":29,"column":28}},"19":{"start":{"line":31,"column":0},"end":{"line":31,"column":23}},"20":{"start":{"line":32,"column":0},"end":{"line":32,"column":17}},"21":{"start":{"line":35,"column":0},"end":{"line":35,"column":25}},"22":{"start":{"line":38,"column":23},"end":{"line":53,"column":1}},"23":{"start":{"line":55,"column":20},"end":{"line":55,"column":48}},"24":{"start":{"line":56,"column":0},"end":{"line":56,"column":68}},"25":{"start":{"line":88,"column":0},"end":{"line":145,"column":3}},"26":{"start":{"line":90,"column":4},"end":{"line":90,"column":12}},"27":{"start":{"line":93,"column":2},"end":{"line":104,"column":3}},"28":{"start":{"line":101,"column":4},"end":{"line":103,"column":7}},"29":{"start":{"line":107,"column":21},"end":{"line":107,"column":49}},"30":{"start":{"line":108,"column":2},"end":{"line":112,"column":3}},"31":{"start":{"line":109,"column":4},"end":{"line":111,"column":7}},"32":{"start":{"line":114,"column":2},"end":{"line":144,"column":3}},"33":{"start":{"line":115,"column":17},"end":{"line":131,"column":6}},"34":{"start":{"line":132,"column":4},"end":{"line":132,"column":31}},"35":{"start":{"line":135,"column":4},"end":{"line":139,"column":5}},"36":{"start":{"line":136,"column":6},"end":{"line":138,"column":9}},"37":{"start":{"line":141,"column":4},"end":{"line":143,"column":7}},"38":{"start":{"line":173,"column":0},"end":{"line":184,"column":3}},"39":{"start":{"line":174,"column":59},"end":{"line":174,"column":67}},"40":{"start":{"line":175,"column":22},"end":{"line":182,"column":4}},"41":{"start":{"line":183,"column":2},"end":{"line":183,"column":36}},"42":{"start":{"line":210,"column":0},"end":{"line":253,"column":3}},"43":{"start":{"line":211,"column":60},"end":{"line":211,"column":68}},"44":{"start":{"line":212,"column":2},"end":{"line":252,"column":3}},"45":{"start":{"line":213,"column":19},"end":{"line":247,"column":6}},"46":{"start":{"line":214,"column":28},"end":{"line":216,"column":8}},"47":{"start":{"line":217,"column":6},"end":{"line":217,"column":66}},"48":{"start":{"line":217,"column":26},"end":{"line":217,"column":66}},"49":{"start":{"line":218,"column":6},"end":{"line":218,"column":78}},"50":{"start":{"line":218,"column":42},"end":{"line":218,"column":78}},"51":{"start":{"line":220,"column":33},"end":{"line":222,"column":8}},"52":{"start":{"line":223,"column":6},"end":{"line":224,"column":60}},"53":{"start":{"line":224,"column":8},"end":{"line":224,"column":60}},"54":{"start":{"line":226,"column":35},"end":{"line":229,"column":8}},"55":{"start":{"line":230,"column":40},"end":{"line":233,"column":8}},"56":{"start":{"line":235,"column":23},"end":{"line":241,"column":8}},"57":{"start":{"line":242,"column":6},"end":{"line":246,"column":8}},"58":{"start":{"line":249,"column":4},"end":{"line":249,"column":33}},"59":{"start":{"line":251,"column":4},"end":{"line":251,"column":51}},"60":{"start":{"line":264,"column":0},"end":{"line":269,"column":3}},"61":{"start":{"line":265,"column":16},"end":{"line":267,"column":4}},"62":{"start":{"line":268,"column":2},"end":{"line":268,"column":18}},"63":{"start":{"line":288,"column":0},"end":{"line":298,"column":3}},"64":{"start":{"line":289,"column":15},"end":{"line":292,"column":4}},"65":{"start":{"line":293,"column":2},"end":{"line":296,"column":77}},"66":{"start":{"line":294,"column":4},"end":{"line":296,"column":77}},"67":{"start":{"line":297,"column":2},"end":{"line":297,"column":17}},"68":{"start":{"line":309,"column":0},"end":{"line":322,"column":3}},"69":{"start":{"line":310,"column":2},"end":{"line":321,"column":3}},"70":{"start":{"line":311,"column":21},"end":{"line":317,"column":6}},"71":{"start":{"line":318,"column":4},"end":{"line":318,"column":23}},"72":{"start":{"line":320,"column":4},"end":{"line":320,"column":51}},"73":{"start":{"line":341,"column":0},"end":{"line":358,"column":3}},"74":{"start":{"line":342,"column":20},"end":{"line":342,"column":50}},"75":{"start":{"line":343,"column":2},"end":{"line":357,"column":3}},"76":{"start":{"line":344,"column":20},"end":{"line":351,"column":6}},"77":{"start":{"line":352,"column":4},"end":{"line":353,"column":69}},"78":{"start":{"line":353,"column":6},"end":{"line":353,"column":69}},"79":{"start":{"line":354,"column":4},"end":{"line":354,"column":22}},"80":{"start":{"line":356,"column":4},"end":{"line":356,"column":51}},"81":{"start":{"line":369,"column":0},"end":{"line":378,"column":3}},"82":{"start":{"line":370,"column":2},"end":{"line":377,"column":3}},"83":{"start":{"line":371,"column":25},"end":{"line":373,"column":6}},"84":{"start":{"line":374,"column":4},"end":{"line":374,"column":27}},"85":{"start":{"line":376,"column":4},"end":{"line":376,"column":51}},"86":{"start":{"line":397,"column":0},"end":{"line":425,"column":3}},"87":{"start":{"line":398,"column":24},"end":{"line":398,"column":58}},"88":{"start":{"line":399,"column":2},"end":{"line":424,"column":3}},"89":{"start":{"line":400,"column":24},"end":{"line":418,"column":6}},"90":{"start":{"line":419,"column":4},"end":{"line":420,"column":74}},"91":{"start":{"line":420,"column":6},"end":{"line":420,"column":74}},"92":{"start":{"line":421,"column":4},"end":{"line":421,"column":26}},"93":{"start":{"line":423,"column":4},"end":{"line":423,"column":51}},"94":{"start":{"line":426,"column":0},"end":{"line":430,"column":1}},"95":{"start":{"line":427,"column":2},"end":{"line":429,"column":5}},"96":{"start":{"line":428,"column":4},"end":{"line":428,"column":53}},"97":{"start":{"line":432,"column":0},"end":{"line":432,"column":21}}},"fnMap":{"0":{"name":"(anonymous_0)","decl":{"start":{"line":88,"column":26},"end":{"line":88,"column":27}},"loc":{"start":{"line":88,"column":46},"end":{"line":145,"column":1}},"line":88},"1":{"name":"(anonymous_1)","decl":{"start":{"line":173,"column":29},"end":{"line":173,"column":30}},"loc":{"start":{"line":173,"column":49},"end":{"line":184,"column":1}},"line":173},"2":{"name":"(anonymous_2)","decl":{"start":{"line":210,"column":30},"end":{"line":210,"column":31}},"loc":{"start":{"line":210,"column":50},"end":{"line":253,"column":1}},"line":210},"3":{"name":"(anonymous_3)","decl":{"start":{"line":213,"column":45},"end":{"line":213,"column":46}},"loc":{"start":{"line":213,"column":63},"end":{"line":247,"column":5}},"line":213},"4":{"name":"(anonymous_4)","decl":{"start":{"line":264,"column":25},"end":{"line":264,"column":26}},"loc":{"start":{"line":264,"column":45},"end":{"line":269,"column":1}},"line":264},"5":{"name":"(anonymous_5)","decl":{"start":{"line":288,"column":29},"end":{"line":288,"column":30}},"loc":{"start":{"line":288,"column":49},"end":{"line":298,"column":1}},"line":288},"6":{"name":"(anonymous_6)","decl":{"start":{"line":309,"column":28},"end":{"line":309,"column":29}},"loc":{"start":{"line":309,"column":48},"end":{"line":322,"column":1}},"line":309},"7":{"name":"(anonymous_7)","decl":{"start":{"line":341,"column":39},"end":{"line":341,"column":40}},"loc":{"start":{"line":341,"column":59},"end":{"line":358,"column":1}},"line":341},"8":{"name":"(anonymous_8)","decl":{"start":{"line":369,"column":32},"end":{"line":369,"column":33}},"loc":{"start":{"line":369,"column":52},"end":{"line":378,"column":1}},"line":369},"9":{"name":"(anonymous_9)","decl":{"start":{"line":397,"column":47},"end":{"line":397,"column":48}},"loc":{"start":{"line":397,"column":67},"end":{"line":425,"column":1}},"line":397},"10":{"name":"(anonymous_10)","decl":{"start":{"line":427,"column":19},"end":{"line":427,"column":20}},"loc":{"start":{"line":427,"column":25},"end":{"line":429,"column":3}},"line":427}},"branchMap":{"0":{"loc":{"start":{"line":13,"column":13},"end":{"line":13,"column":37}},"type":"binary-expr","locations":[{"start":{"line":13,"column":13},"end":{"line":13,"column":29}},{"start":{"line":13,"column":33},"end":{"line":13,"column":37}}],"line":13},"1":{"loc":{"start":{"line":93,"column":2},"end":{"line":104,"column":3}},"type":"if","locations":[{"start":{"line":93,"column":2},"end":{"line":104,"column":3}},{"start":{},"end":{}}],"line":93},"2":{"loc":{"start":{"line":94,"column":4},"end":{"line":99,"column":12}},"type":"binary-expr","locations":[{"start":{"line":94,"column":4},"end":{"line":94,"column":9}},{"start":{"line":95,"column":4},"end":{"line":95,"column":10}},{"start":{"line":96,"column":4},"end":{"line":96,"column":13}},{"start":{"line":97,"column":4},"end":{"line":97,"column":17}},{"start":{"line":98,"column":4},"end":{"line":98,"column":19}},{"start":{"line":99,"column":4},"end":{"line":99,"column":12}}],"line":94},"3":{"loc":{"start":{"line":108,"column":2},"end":{"line":112,"column":3}},"type":"if","locations":[{"start":{"line":108,"column":2},"end":{"line":112,"column":3}},{"start":{},"end":{}}],"line":108},"4":{"loc":{"start":{"line":135,"column":4},"end":{"line":139,"column":5}},"type":"if","locations":[{"start":{"line":135,"column":4},"end":{"line":139,"column":5}},{"start":{},"end":{}}],"line":135},"5":{"loc":{"start":{"line":217,"column":6},"end":{"line":217,"column":66}},"type":"if","locations":[{"start":{"line":217,"column":6},"end":{"line":217,"column":66}},{"start":{},"end":{}}],"line":217},"6":{"loc":{"start":{"line":218,"column":6},"end":{"line":218,"column":78}},"type":"if","locations":[{"start":{"line":218,"column":6},"end":{"line":218,"column":78}},{"start":{},"end":{}}],"line":218},"7":{"loc":{"start":{"line":223,"column":6},"end":{"line":224,"column":60}},"type":"if","locations":[{"start":{"line":223,"column":6},"end":{"line":224,"column":60}},{"start":{},"end":{}}],"line":223},"8":{"loc":{"start":{"line":293,"column":2},"end":{"line":296,"column":77}},"type":"if","locations":[{"start":{"line":293,"column":2},"end":{"line":296,"column":77}},{"start":{},"end":{}}],"line":293},"9":{"loc":{"start":{"line":352,"column":4},"end":{"line":353,"column":69}},"type":"if","locations":[{"start":{"line":352,"column":4},"end":{"line":353,"column":69}},{"start":{},"end":{}}],"line":352},"10":{"loc":{"start":{"line":419,"column":4},"end":{"line":420,"column":74}},"type":"if","locations":[{"start":{"line":419,"column":4},"end":{"line":420,"column":74}},{"start":{},"end":{}}],"line":419},"11":{"loc":{"start":{"line":426,"column":0},"end":{"line":430,"column":1}},"type":"if","locations":[{"start":{"line":426,"column":0},"end":{"line":430,"column":1}},{"start":{},"end":{}}],"line":426}},"s":{"0":1,"1":1,"2":1,"3":1,"4":1,"5":1,"6":1,"7":1,"8":1,"9":1,"10":1,"11":1,"12":1,"13":1,"14":1,"15":1,"16":1,"17":1,"18":1,"19":1,"20":1,"21":1,"22":1,"23":1,"24":1,"25":1,"26":8,"27":8,"28":0,"29":8,"30":8,"31":0,"32":8,"33":8,"34":8,"35":0,"36":0,"37":0,"38":1,"39":8,"40":8,"41":8,"42":1,"43":3,"44":3,"45":3,"46":3,"47":3,"48":0,"49":3,"50":1,"51":2,"52":2,"53":0,"54":2,"55":2,"56":2,"57":2,"58":2,"59":1,"60":1,"61":1,"62":1,"63":1,"64":0,"65":0,"66":0,"67":0,"68":1,"69":1,"70":1,"71":1,"72":0,"73":1,"74":0,"75":0,"76":0,"77":0,"78":0,"79":0,"80":0,"81":1,"82":1,"83":1,"84":1,"85":0,"86":1,"87":0,"88":0,"89":0,"90":0,"91":0,"92":0,"93":0,"94":1,"95":0,"96":0,"97":1},"f":{"0":8,"1":8,"2":3,"3":3,"4":1,"5":0,"6":1,"7":0,"8":1,"9":0,"10":0},"b":{"0":[1,1],"1":[0,8],"2":[8,8,8,8,8,8],"3":[0,8],"4":[0,0],"5":[0,3],"6":[1,2],"7":[0,2],"8":[0,0],"9":[0,0],"10":[0,0],"11":[0,1]},"_coverageSchema":"1a1c01bbd47fc00a2c39e90264f33305004495a9","hash":"158445f6efe3393de8d09a5aaa0b2e1afd4f5c71"}
,"E:\\BINAR\\coba5\\controllers\\authControllers.js": {"path":"E:\\BINAR\\coba5\\controllers\\authControllers.js","statementMap":{"0":{"start":{"line":1,"column":15},"end":{"line":1,"column":32}},"1":{"start":{"line":2,"column":25},"end":{"line":2,"column":50}},"2":{"start":{"line":3,"column":15},"end":{"line":3,"column":33}},"3":{"start":{"line":4,"column":12},"end":{"line":4,"column":35}},"4":{"start":{"line":5,"column":19},"end":{"line":5,"column":41}},"5":{"start":{"line":9,"column":4},"end":{"line":9,"column":27}},"6":{"start":{"line":13,"column":4},"end":{"line":13,"column":24}},"7":{"start":{"line":17,"column":4},"end":{"line":72,"column":5}},"8":{"start":{"line":18,"column":40},"end":{"line":18,"column":48}},"9":{"start":{"line":21,"column":6},"end":{"line":27,"column":7}},"10":{"start":{"line":22,"column":8},"end":{"line":26,"column":11}},"11":{"start":{"line":30,"column":25},"end":{"line":30,"column":53}},"12":{"start":{"line":31,"column":6},"end":{"line":37,"column":7}},"13":{"start":{"line":32,"column":8},"end":{"line":36,"column":11}},"14":{"start":{"line":39,"column":27},"end":{"line":41,"column":8}},"15":{"start":{"line":43,"column":6},"end":{"line":49,"column":7}},"16":{"start":{"line":44,"column":8},"end":{"line":48,"column":11}},"17":{"start":{"line":51,"column":29},"end":{"line":51,"column":60}},"18":{"start":{"line":53,"column":22},"end":{"line":59,"column":8}},"19":{"start":{"line":61,"column":6},"end":{"line":64,"column":9}},"20":{"start":{"line":66,"column":6},"end":{"line":66,"column":27}},"21":{"start":{"line":67,"column":6},"end":{"line":71,"column":9}},"22":{"start":{"line":76,"column":4},"end":{"line":119,"column":5}},"23":{"start":{"line":77,"column":34},"end":{"line":77,"column":42}},"24":{"start":{"line":79,"column":23},"end":{"line":81,"column":8}},"25":{"start":{"line":83,"column":6},"end":{"line":88,"column":7}},"26":{"start":{"line":84,"column":8},"end":{"line":87,"column":11}},"27":{"start":{"line":90,"column":30},"end":{"line":90,"column":79}},"28":{"start":{"line":92,"column":6},"end":{"line":97,"column":7}},"29":{"start":{"line":93,"column":8},"end":{"line":96,"column":11}},"30":{"start":{"line":99,"column":26},"end":{"line":106,"column":7}},"31":{"start":{"line":108,"column":6},"end":{"line":111,"column":9}},"32":{"start":{"line":113,"column":6},"end":{"line":113,"column":27}},"33":{"start":{"line":114,"column":6},"end":{"line":118,"column":9}},"34":{"start":{"line":123,"column":0},"end":{"line":123,"column":33}}},"fnMap":{"0":{"name":"(anonymous_0)","decl":{"start":{"line":8,"column":2},"end":{"line":8,"column":3}},"loc":{"start":{"line":8,"column":38},"end":{"line":10,"column":3}},"line":8},"1":{"name":"(anonymous_1)","decl":{"start":{"line":12,"column":2},"end":{"line":12,"column":3}},"loc":{"start":{"line":12,"column":35},"end":{"line":14,"column":3}},"line":12},"2":{"name":"(anonymous_2)","decl":{"start":{"line":16,"column":2},"end":{"line":16,"column":3}},"loc":{"start":{"line":16,"column":40},"end":{"line":73,"column":3}},"line":16},"3":{"name":"(anonymous_3)","decl":{"start":{"line":75,"column":2},"end":{"line":75,"column":3}},"loc":{"start":{"line":75,"column":37},"end":{"line":120,"column":3}},"line":75}},"branchMap":{"0":{"loc":{"start":{"line":21,"column":6},"end":{"line":27,"column":7}},"type":"if","locations":[{"start":{"line":21,"column":6},"end":{"line":27,"column":7}},{"start":{},"end":{}}],"line":21},"1":{"loc":{"start":{"line":21,"column":10},"end":{"line":21,"column":38}},"type":"binary-expr","locations":[{"start":{"line":21,"column":10},"end":{"line":21,"column":15}},{"start":{"line":21,"column":19},"end":{"line":21,"column":25}},{"start":{"line":21,"column":29},"end":{"line":21,"column":38}}],"line":21},"2":{"loc":{"start":{"line":31,"column":6},"end":{"line":37,"column":7}},"type":"if","locations":[{"start":{"line":31,"column":6},"end":{"line":37,"column":7}},{"start":{},"end":{}}],"line":31},"3":{"loc":{"start":{"line":43,"column":6},"end":{"line":49,"column":7}},"type":"if","locations":[{"start":{"line":43,"column":6},"end":{"line":49,"column":7}},{"start":{},"end":{}}],"line":43},"4":{"loc":{"start":{"line":83,"column":6},"end":{"line":88,"column":7}},"type":"if","locations":[{"start":{"line":83,"column":6},"end":{"line":88,"column":7}},{"start":{},"end":{}}],"line":83},"5":{"loc":{"start":{"line":92,"column":6},"end":{"line":97,"column":7}},"type":"if","locations":[{"start":{"line":92,"column":6},"end":{"line":97,"column":7}},{"start":{},"end":{}}],"line":92}},"s":{"0":1,"1":1,"2":1,"3":1,"4":1,"5":0,"6":0,"7":0,"8":0,"9":0,"10":0,"11":0,"12":0,"13":0,"14":0,"15":0,"16":0,"17":0,"18":0,"19":0,"20":0,"21":0,"22":0,"23":0,"24":0,"25":0,"26":0,"27":0,"28":0,"29":0,"30":0,"31":0,"32":0,"33":0,"34":1},"f":{"0":0,"1":0,"2":0,"3":0},"b":{"0":[0,0],"1":[0,0,0],"2":[0,0],"3":[0,0],"4":[0,0],"5":[0,0]},"_coverageSchema":"1a1c01bbd47fc00a2c39e90264f33305004495a9","hash":"8c46252c56b2ca9bc9c80a89e72f70b26c671871"}
,"E:\\BINAR\\coba5\\lib\\passport.js": {"path":"E:\\BINAR\\coba5\\lib\\passport.js","statementMap":{"0":{"start":{"line":1,"column":17},"end":{"line":1,"column":36}},"1":{"start":{"line":2,"column":22},"end":{"line":2,"column":56}},"2":{"start":{"line":3,"column":25},"end":{"line":3,"column":50}},"3":{"start":{"line":4,"column":15},"end":{"line":4,"column":33}},"4":{"start":{"line":5,"column":15},"end":{"line":5,"column":32}},"5":{"start":{"line":6,"column":0},"end":{"line":8,"column":3}},"6":{"start":{"line":7,"column":2},"end":{"line":7,"column":26}},"7":{"start":{"line":10,"column":0},"end":{"line":12,"column":3}},"8":{"start":{"line":11,"column":2},"end":{"line":11,"column":26}},"9":{"start":{"line":14,"column":21},"end":{"line":30,"column":1}},"10":{"start":{"line":15,"column":2},"end":{"line":29,"column":3}},"11":{"start":{"line":16,"column":17},"end":{"line":20,"column":6}},"12":{"start":{"line":22,"column":4},"end":{"line":26,"column":5}},"13":{"start":{"line":23,"column":6},"end":{"line":23,"column":30}},"14":{"start":{"line":25,"column":6},"end":{"line":25,"column":73}},"15":{"start":{"line":28,"column":4},"end":{"line":28,"column":42}},"16":{"start":{"line":32,"column":0},"end":{"line":40,"column":2}},"17":{"start":{"line":42,"column":0},"end":{"line":42,"column":26}}},"fnMap":{"0":{"name":"(anonymous_0)","decl":{"start":{"line":6,"column":23},"end":{"line":6,"column":24}},"loc":{"start":{"line":6,"column":39},"end":{"line":8,"column":1}},"line":6},"1":{"name":"(anonymous_1)","decl":{"start":{"line":10,"column":25},"end":{"line":10,"column":26}},"loc":{"start":{"line":10,"column":41},"end":{"line":12,"column":1}},"line":10},"2":{"name":"(anonymous_2)","decl":{"start":{"line":14,"column":21},"end":{"line":14,"column":22}},"loc":{"start":{"line":14,"column":54},"end":{"line":30,"column":1}},"line":14}},"branchMap":{"0":{"loc":{"start":{"line":22,"column":4},"end":{"line":26,"column":5}},"type":"if","locations":[{"start":{"line":22,"column":4},"end":{"line":26,"column":5}},{"start":{"line":24,"column":11},"end":{"line":26,"column":5}}],"line":22}},"s":{"0":1,"1":1,"2":1,"3":1,"4":1,"5":1,"6":0,"7":1,"8":0,"9":1,"10":0,"11":0,"12":0,"13":0,"14":0,"15":0,"16":1,"17":1},"f":{"0":0,"1":0,"2":0},"b":{"0":[0,0]},"_coverageSchema":"1a1c01bbd47fc00a2c39e90264f33305004495a9","hash":"eec485d4f2e56989a659c4e5613612d43579d647"}
,"E:\\BINAR\\coba5\\middleware\\restrict.js": {"path":"E:\\BINAR\\coba5\\middleware\\restrict.js","statementMap":{"0":{"start":{"line":1,"column":17},"end":{"line":6,"column":1}},"1":{"start":{"line":2,"column":2},"end":{"line":4,"column":3}},"2":{"start":{"line":3,"column":4},"end":{"line":3,"column":18}},"3":{"start":{"line":5,"column":2},"end":{"line":5,"column":25}},"4":{"start":{"line":8,"column":0},"end":{"line":8,"column":26}}},"fnMap":{"0":{"name":"(anonymous_0)","decl":{"start":{"line":1,"column":17},"end":{"line":1,"column":18}},"loc":{"start":{"line":1,"column":37},"end":{"line":6,"column":1}},"line":1}},"branchMap":{"0":{"loc":{"start":{"line":2,"column":2},"end":{"line":4,"column":3}},"type":"if","locations":[{"start":{"line":2,"column":2},"end":{"line":4,"column":3}},{"start":{},"end":{}}],"line":2}},"s":{"0":1,"1":0,"2":0,"3":0,"4":1},"f":{"0":0},"b":{"0":[0,0]},"_coverageSchema":"1a1c01bbd47fc00a2c39e90264f33305004495a9","hash":"1fe1360ec0d0dbd5646fd9b699c7e1b0e9799b18"}
,"E:\\BINAR\\coba5\\middleware\\restrictJwt.js": {"path":"E:\\BINAR\\coba5\\middleware\\restrictJwt.js","statementMap":{"0":{"start":{"line":1,"column":12},"end":{"line":1,"column":35}},"1":{"start":{"line":2,"column":17},"end":{"line":2,"column":39}},"2":{"start":{"line":4,"column":0},"end":{"line":22,"column":2}},"3":{"start":{"line":5,"column":24},"end":{"line":5,"column":49}},"4":{"start":{"line":7,"column":2},"end":{"line":9,"column":3}},"5":{"start":{"line":8,"column":4},"end":{"line":8,"column":61}},"6":{"start":{"line":12,"column":2},"end":{"line":21,"column":5}},"7":{"start":{"line":13,"column":4},"end":{"line":15,"column":5}},"8":{"start":{"line":14,"column":6},"end":{"line":14,"column":63}},"9":{"start":{"line":18,"column":4},"end":{"line":18,"column":48}},"10":{"start":{"line":19,"column":4},"end":{"line":19,"column":23}},"11":{"start":{"line":20,"column":4},"end":{"line":20,"column":11}}},"fnMap":{"0":{"name":"(anonymous_0)","decl":{"start":{"line":4,"column":17},"end":{"line":4,"column":18}},"loc":{"start":{"line":4,"column":43},"end":{"line":22,"column":1}},"line":4},"1":{"name":"(anonymous_1)","decl":{"start":{"line":12,"column":40},"end":{"line":12,"column":41}},"loc":{"start":{"line":12,"column":58},"end":{"line":21,"column":3}},"line":12}},"branchMap":{"0":{"loc":{"start":{"line":7,"column":2},"end":{"line":9,"column":3}},"type":"if","locations":[{"start":{"line":7,"column":2},"end":{"line":9,"column":3}},{"start":{},"end":{}}],"line":7},"1":{"loc":{"start":{"line":13,"column":4},"end":{"line":15,"column":5}},"type":"if","locations":[{"start":{"line":13,"column":4},"end":{"line":15,"column":5}},{"start":{},"end":{}}],"line":13}},"s":{"0":1,"1":1,"2":1,"3":0,"4":0,"5":0,"6":0,"7":0,"8":0,"9":0,"10":0,"11":0},"f":{"0":0,"1":0},"b":{"0":[0,0],"1":[0,0]},"_coverageSchema":"1a1c01bbd47fc00a2c39e90264f33305004495a9","hash":"22216feb716701e07efc818903a1e15ea94f5a09"}
,"E:\\BINAR\\coba5\\routes\\index.js": {"path":"E:\\BINAR\\coba5\\routes\\index.js","statementMap":{"0":{"start":{"line":1,"column":16},"end":{"line":1,"column":34}},"1":{"start":{"line":2,"column":15},"end":{"line":2,"column":31}},"2":{"start":{"line":3,"column":24},"end":{"line":3,"column":65}},"3":{"start":{"line":4,"column":17},"end":{"line":4,"column":43}},"4":{"start":{"line":5,"column":17},"end":{"line":5,"column":50}},"5":{"start":{"line":6,"column":20},"end":{"line":6,"column":56}},"6":{"start":{"line":23,"column":0},"end":{"line":23,"column":65}},"7":{"start":{"line":51,"column":0},"end":{"line":51,"column":62}},"8":{"start":{"line":70,"column":0},"end":{"line":73,"column":3}},"9":{"start":{"line":71,"column":2},"end":{"line":71,"column":37}},"10":{"start":{"line":72,"column":2},"end":{"line":72,"column":46}},"11":{"start":{"line":86,"column":0},"end":{"line":86,"column":59}},"12":{"start":{"line":114,"column":0},"end":{"line":114,"column":56}},"13":{"start":{"line":137,"column":0},"end":{"line":141,"column":3}},"14":{"start":{"line":138,"column":2},"end":{"line":140,"column":5}},"15":{"start":{"line":143,"column":0},"end":{"line":143,"column":24}}},"fnMap":{"0":{"name":"(anonymous_0)","decl":{"start":{"line":70,"column":35},"end":{"line":70,"column":36}},"loc":{"start":{"line":70,"column":49},"end":{"line":73,"column":1}},"line":70},"1":{"name":"(anonymous_1)","decl":{"start":{"line":137,"column":46},"end":{"line":137,"column":47}},"loc":{"start":{"line":137,"column":60},"end":{"line":141,"column":1}},"line":137}},"branchMap":{},"s":{"0":1,"1":1,"2":1,"3":1,"4":1,"5":1,"6":1,"7":1,"8":1,"9":0,"10":0,"11":1,"12":1,"13":1,"14":0,"15":1},"f":{"0":0,"1":0},"b":{},"_coverageSchema":"1a1c01bbd47fc00a2c39e90264f33305004495a9","hash":"44c5a2dc7b69bc56a7ca5b5b766ab62800a253a3"}
}
