{"E:\\BINAR\\coba5\\app.js": {"path":"E:\\BINAR\\coba5\\app.js","statementMap":{"0":{"start":{"line":1,"column":16},"end":{"line":1,"column":34}},"1":{"start":{"line":2,"column":19},"end":{"line":2,"column":41}},"2":{"start":{"line":3,"column":25},"end":{"line":3,"column":50}},"3":{"start":{"line":4,"column":21},"end":{"line":4,"column":45}},"4":{"start":{"line":5,"column":18},"end":{"line":5,"column":47}},"5":{"start":{"line":7,"column":12},"end":{"line":7,"column":21}},"6":{"start":{"line":8,"column":13},"end":{"line":8,"column":17}},"7":{"start":{"line":9,"column":15},"end":{"line":9,"column":33}},"8":{"start":{"line":11,"column":0},"end":{"line":11,"column":27}},"9":{"start":{"line":14,"column":23},"end":{"line":29,"column":1}},"10":{"start":{"line":31,"column":20},"end":{"line":31,"column":48}},"11":{"start":{"line":32,"column":0},"end":{"line":32,"column":68}},"12":{"start":{"line":64,"column":0},"end":{"line":121,"column":3}},"13":{"start":{"line":66,"column":4},"end":{"line":66,"column":12}},"14":{"start":{"line":69,"column":2},"end":{"line":80,"column":3}},"15":{"start":{"line":77,"column":4},"end":{"line":79,"column":7}},"16":{"start":{"line":83,"column":21},"end":{"line":83,"column":49}},"17":{"start":{"line":84,"column":2},"end":{"line":88,"column":3}},"18":{"start":{"line":85,"column":4},"end":{"line":87,"column":7}},"19":{"start":{"line":90,"column":2},"end":{"line":120,"column":3}},"20":{"start":{"line":91,"column":17},"end":{"line":107,"column":6}},"21":{"start":{"line":108,"column":4},"end":{"line":108,"column":31}},"22":{"start":{"line":111,"column":4},"end":{"line":115,"column":5}},"23":{"start":{"line":112,"column":6},"end":{"line":114,"column":9}},"24":{"start":{"line":117,"column":4},"end":{"line":119,"column":7}},"25":{"start":{"line":149,"column":0},"end":{"line":160,"column":3}},"26":{"start":{"line":150,"column":59},"end":{"line":150,"column":67}},"27":{"start":{"line":151,"column":22},"end":{"line":158,"column":4}},"28":{"start":{"line":159,"column":2},"end":{"line":159,"column":36}},"29":{"start":{"line":186,"column":0},"end":{"line":229,"column":3}},"30":{"start":{"line":187,"column":60},"end":{"line":187,"column":68}},"31":{"start":{"line":188,"column":2},"end":{"line":228,"column":3}},"32":{"start":{"line":189,"column":19},"end":{"line":223,"column":6}},"33":{"start":{"line":190,"column":28},"end":{"line":192,"column":8}},"34":{"start":{"line":193,"column":6},"end":{"line":193,"column":66}},"35":{"start":{"line":193,"column":26},"end":{"line":193,"column":66}},"36":{"start":{"line":194,"column":6},"end":{"line":194,"column":78}},"37":{"start":{"line":194,"column":42},"end":{"line":194,"column":78}},"38":{"start":{"line":196,"column":33},"end":{"line":198,"column":8}},"39":{"start":{"line":199,"column":6},"end":{"line":200,"column":60}},"40":{"start":{"line":200,"column":8},"end":{"line":200,"column":60}},"41":{"start":{"line":202,"column":35},"end":{"line":205,"column":8}},"42":{"start":{"line":206,"column":40},"end":{"line":209,"column":8}},"43":{"start":{"line":211,"column":23},"end":{"line":217,"column":8}},"44":{"start":{"line":218,"column":6},"end":{"line":222,"column":8}},"45":{"start":{"line":225,"column":4},"end":{"line":225,"column":33}},"46":{"start":{"line":227,"column":4},"end":{"line":227,"column":51}},"47":{"start":{"line":240,"column":0},"end":{"line":245,"column":3}},"48":{"start":{"line":241,"column":16},"end":{"line":243,"column":4}},"49":{"start":{"line":244,"column":2},"end":{"line":244,"column":18}},"50":{"start":{"line":264,"column":0},"end":{"line":274,"column":3}},"51":{"start":{"line":265,"column":15},"end":{"line":268,"column":4}},"52":{"start":{"line":269,"column":2},"end":{"line":272,"column":77}},"53":{"start":{"line":270,"column":4},"end":{"line":272,"column":77}},"54":{"start":{"line":273,"column":2},"end":{"line":273,"column":17}},"55":{"start":{"line":285,"column":0},"end":{"line":298,"column":3}},"56":{"start":{"line":286,"column":2},"end":{"line":297,"column":3}},"57":{"start":{"line":287,"column":21},"end":{"line":293,"column":6}},"58":{"start":{"line":294,"column":4},"end":{"line":294,"column":23}},"59":{"start":{"line":296,"column":4},"end":{"line":296,"column":51}},"60":{"start":{"line":317,"column":0},"end":{"line":334,"column":3}},"61":{"start":{"line":318,"column":20},"end":{"line":318,"column":50}},"62":{"start":{"line":319,"column":2},"end":{"line":333,"column":3}},"63":{"start":{"line":320,"column":20},"end":{"line":327,"column":6}},"64":{"start":{"line":328,"column":4},"end":{"line":329,"column":69}},"65":{"start":{"line":329,"column":6},"end":{"line":329,"column":69}},"66":{"start":{"line":330,"column":4},"end":{"line":330,"column":22}},"67":{"start":{"line":332,"column":4},"end":{"line":332,"column":51}},"68":{"start":{"line":345,"column":0},"end":{"line":354,"column":3}},"69":{"start":{"line":346,"column":2},"end":{"line":353,"column":3}},"70":{"start":{"line":347,"column":25},"end":{"line":349,"column":6}},"71":{"start":{"line":350,"column":4},"end":{"line":350,"column":27}},"72":{"start":{"line":352,"column":4},"end":{"line":352,"column":51}},"73":{"start":{"line":373,"column":0},"end":{"line":401,"column":3}},"74":{"start":{"line":374,"column":24},"end":{"line":374,"column":58}},"75":{"start":{"line":375,"column":2},"end":{"line":400,"column":3}},"76":{"start":{"line":376,"column":24},"end":{"line":394,"column":6}},"77":{"start":{"line":395,"column":4},"end":{"line":396,"column":74}},"78":{"start":{"line":396,"column":6},"end":{"line":396,"column":74}},"79":{"start":{"line":397,"column":4},"end":{"line":397,"column":26}},"80":{"start":{"line":399,"column":4},"end":{"line":399,"column":51}},"81":{"start":{"line":402,"column":0},"end":{"line":406,"column":1}},"82":{"start":{"line":403,"column":2},"end":{"line":405,"column":5}},"83":{"start":{"line":404,"column":4},"end":{"line":404,"column":53}},"84":{"start":{"line":408,"column":0},"end":{"line":408,"column":21}}},"fnMap":{"0":{"name":"(anonymous_0)","decl":{"start":{"line":64,"column":26},"end":{"line":64,"column":27}},"loc":{"start":{"line":64,"column":46},"end":{"line":121,"column":1}},"line":64},"1":{"name":"(anonymous_1)","decl":{"start":{"line":149,"column":29},"end":{"line":149,"column":30}},"loc":{"start":{"line":149,"column":49},"end":{"line":160,"column":1}},"line":149},"2":{"name":"(anonymous_2)","decl":{"start":{"line":186,"column":30},"end":{"line":186,"column":31}},"loc":{"start":{"line":186,"column":50},"end":{"line":229,"column":1}},"line":186},"3":{"name":"(anonymous_3)","decl":{"start":{"line":189,"column":45},"end":{"line":189,"column":46}},"loc":{"start":{"line":189,"column":63},"end":{"line":223,"column":5}},"line":189},"4":{"name":"(anonymous_4)","decl":{"start":{"line":240,"column":25},"end":{"line":240,"column":26}},"loc":{"start":{"line":240,"column":45},"end":{"line":245,"column":1}},"line":240},"5":{"name":"(anonymous_5)","decl":{"start":{"line":264,"column":29},"end":{"line":264,"column":30}},"loc":{"start":{"line":264,"column":49},"end":{"line":274,"column":1}},"line":264},"6":{"name":"(anonymous_6)","decl":{"start":{"line":285,"column":28},"end":{"line":285,"column":29}},"loc":{"start":{"line":285,"column":48},"end":{"line":298,"column":1}},"line":285},"7":{"name":"(anonymous_7)","decl":{"start":{"line":317,"column":39},"end":{"line":317,"column":40}},"loc":{"start":{"line":317,"column":59},"end":{"line":334,"column":1}},"line":317},"8":{"name":"(anonymous_8)","decl":{"start":{"line":345,"column":32},"end":{"line":345,"column":33}},"loc":{"start":{"line":345,"column":52},"end":{"line":354,"column":1}},"line":345},"9":{"name":"(anonymous_9)","decl":{"start":{"line":373,"column":47},"end":{"line":373,"column":48}},"loc":{"start":{"line":373,"column":67},"end":{"line":401,"column":1}},"line":373},"10":{"name":"(anonymous_10)","decl":{"start":{"line":403,"column":19},"end":{"line":403,"column":20}},"loc":{"start":{"line":403,"column":25},"end":{"line":405,"column":3}},"line":403}},"branchMap":{"0":{"loc":{"start":{"line":69,"column":2},"end":{"line":80,"column":3}},"type":"if","locations":[{"start":{"line":69,"column":2},"end":{"line":80,"column":3}},{"start":{},"end":{}}],"line":69},"1":{"loc":{"start":{"line":70,"column":4},"end":{"line":75,"column":12}},"type":"binary-expr","locations":[{"start":{"line":70,"column":4},"end":{"line":70,"column":9}},{"start":{"line":71,"column":4},"end":{"line":71,"column":10}},{"start":{"line":72,"column":4},"end":{"line":72,"column":13}},{"start":{"line":73,"column":4},"end":{"line":73,"column":17}},{"start":{"line":74,"column":4},"end":{"line":74,"column":19}},{"start":{"line":75,"column":4},"end":{"line":75,"column":12}}],"line":70},"2":{"loc":{"start":{"line":84,"column":2},"end":{"line":88,"column":3}},"type":"if","locations":[{"start":{"line":84,"column":2},"end":{"line":88,"column":3}},{"start":{},"end":{}}],"line":84},"3":{"loc":{"start":{"line":111,"column":4},"end":{"line":115,"column":5}},"type":"if","locations":[{"start":{"line":111,"column":4},"end":{"line":115,"column":5}},{"start":{},"end":{}}],"line":111},"4":{"loc":{"start":{"line":193,"column":6},"end":{"line":193,"column":66}},"type":"if","locations":[{"start":{"line":193,"column":6},"end":{"line":193,"column":66}},{"start":{},"end":{}}],"line":193},"5":{"loc":{"start":{"line":194,"column":6},"end":{"line":194,"column":78}},"type":"if","locations":[{"start":{"line":194,"column":6},"end":{"line":194,"column":78}},{"start":{},"end":{}}],"line":194},"6":{"loc":{"start":{"line":199,"column":6},"end":{"line":200,"column":60}},"type":"if","locations":[{"start":{"line":199,"column":6},"end":{"line":200,"column":60}},{"start":{},"end":{}}],"line":199},"7":{"loc":{"start":{"line":269,"column":2},"end":{"line":272,"column":77}},"type":"if","locations":[{"start":{"line":269,"column":2},"end":{"line":272,"column":77}},{"start":{},"end":{}}],"line":269},"8":{"loc":{"start":{"line":328,"column":4},"end":{"line":329,"column":69}},"type":"if","locations":[{"start":{"line":328,"column":4},"end":{"line":329,"column":69}},{"start":{},"end":{}}],"line":328},"9":{"loc":{"start":{"line":395,"column":4},"end":{"line":396,"column":74}},"type":"if","locations":[{"start":{"line":395,"column":4},"end":{"line":396,"column":74}},{"start":{},"end":{}}],"line":395},"10":{"loc":{"start":{"line":402,"column":0},"end":{"line":406,"column":1}},"type":"if","locations":[{"start":{"line":402,"column":0},"end":{"line":406,"column":1}},{"start":{},"end":{}}],"line":402}},"s":{"0":1,"1":1,"2":1,"3":1,"4":1,"5":1,"6":1,"7":1,"8":1,"9":1,"10":1,"11":1,"12":1,"13":8,"14":8,"15":0,"16":8,"17":8,"18":0,"19":8,"20":8,"21":8,"22":0,"23":0,"24":0,"25":1,"26":8,"27":8,"28":8,"29":1,"30":3,"31":3,"32":3,"33":3,"34":3,"35":0,"36":3,"37":1,"38":2,"39":2,"40":0,"41":2,"42":2,"43":2,"44":2,"45":2,"46":1,"47":1,"48":1,"49":1,"50":1,"51":0,"52":0,"53":0,"54":0,"55":1,"56":1,"57":1,"58":1,"59":0,"60":1,"61":0,"62":0,"63":0,"64":0,"65":0,"66":0,"67":0,"68":1,"69":1,"70":1,"71":1,"72":0,"73":1,"74":0,"75":0,"76":0,"77":0,"78":0,"79":0,"80":0,"81":1,"82":0,"83":0,"84":1},"f":{"0":8,"1":8,"2":3,"3":3,"4":1,"5":0,"6":1,"7":0,"8":1,"9":0,"10":0},"b":{"0":[0,8],"1":[8,8,8,8,8,8],"2":[0,8],"3":[0,0],"4":[0,3],"5":[1,2],"6":[0,2],"7":[0,0],"8":[0,0],"9":[0,0],"10":[0,1]},"_coverageSchema":"1a1c01bbd47fc00a2c39e90264f33305004495a9","hash":"ad6a78c6183c11cc23b3d5590f5d795f44f69ec2"}
}
