TN:
SF:app.js
FN:92,(anonymous_0)
FN:177,(anonymous_1)
FN:214,(anonymous_2)
FN:217,(anonymous_3)
FN:268,(anonymous_4)
FN:292,(anonymous_5)
FN:313,(anonymous_6)
FN:345,(anonymous_7)
FN:373,(anonymous_8)
FN:401,(anonymous_9)
FN:431,(anonymous_10)
FNF:11
FNH:7
FNDA:8,(anonymous_0)
FNDA:8,(anonymous_1)
FNDA:3,(anonymous_2)
FNDA:3,(anonymous_3)
FNDA:1,(anonymous_4)
FNDA:0,(anonymous_5)
FNDA:1,(anonymous_6)
FNDA:0,(anonymous_7)
FNDA:1,(anonymous_8)
FNDA:0,(anonymous_9)
FNDA:0,(anonymous_10)
DA:1,1
DA:2,1
DA:3,1
DA:4,1
DA:5,1
DA:6,1
DA:7,1
DA:8,1
DA:9,1
DA:10,1
DA:11,1
DA:12,1
DA:13,1
DA:14,1
DA:15,1
DA:16,1
DA:18,1
DA:26,1
DA:27,1
DA:29,1
DA:30,1
DA:35,1
DA:36,1
DA:37,1
DA:39,1
DA:42,1
DA:59,1
DA:60,1
DA:92,1
DA:94,8
DA:97,8
DA:105,0
DA:111,8
DA:112,8
DA:113,0
DA:118,8
DA:119,8
DA:136,8
DA:139,0
DA:140,0
DA:145,0
DA:177,1
DA:178,8
DA:179,8
DA:187,8
DA:214,1
DA:215,3
DA:216,3
DA:217,3
DA:218,3
DA:221,3
DA:222,3
DA:224,2
DA:227,2
DA:228,0
DA:230,2
DA:234,2
DA:239,2
DA:246,2
DA:253,2
DA:255,1
DA:268,1
DA:269,1
DA:272,1
DA:292,1
DA:293,0
DA:297,0
DA:298,0
DA:301,0
DA:313,1
DA:314,1
DA:315,1
DA:322,1
DA:324,0
DA:345,1
DA:346,0
DA:347,0
DA:348,0
DA:356,0
DA:357,0
DA:358,0
DA:360,0
DA:373,1
DA:374,1
DA:375,1
DA:378,1
DA:380,0
DA:401,1
DA:402,0
DA:403,0
DA:404,0
DA:423,0
DA:424,0
DA:425,0
DA:427,0
DA:430,1
DA:431,0
DA:432,0
DA:436,1
LF:99
LH:71
BRDA:97,0,0,0
BRDA:97,0,1,8
BRDA:98,1,0,8
BRDA:98,1,1,8
BRDA:98,1,2,8
BRDA:98,1,3,8
BRDA:98,1,4,8
BRDA:98,1,5,8
BRDA:112,2,0,0
BRDA:112,2,1,8
BRDA:139,3,0,0
BRDA:139,3,1,0
BRDA:221,4,0,0
BRDA:221,4,1,3
BRDA:222,5,0,1
BRDA:222,5,1,2
BRDA:227,6,0,0
BRDA:227,6,1,2
BRDA:297,7,0,0
BRDA:297,7,1,0
BRDA:356,8,0,0
BRDA:356,8,1,0
BRDA:423,9,0,0
BRDA:423,9,1,0
BRDA:430,10,0,0
BRDA:430,10,1,1
BRF:26
BRH:13
end_of_record
TN:
SF:controllers\authControllers.js
FN:8,(anonymous_0)
FN:12,(anonymous_1)
FN:16,(anonymous_2)
FN:81,(anonymous_3)
FNF:4
FNH:0
FNDA:0,(anonymous_0)
FNDA:0,(anonymous_1)
FNDA:0,(anonymous_2)
FNDA:0,(anonymous_3)
DA:1,1
DA:2,1
DA:3,1
DA:4,1
DA:5,1
DA:9,0
DA:13,0
DA:17,0
DA:18,0
DA:21,0
DA:22,0
DA:30,0
DA:31,0
DA:32,0
DA:39,0
DA:45,0
DA:47,0
DA:49,0
DA:55,0
DA:57,0
DA:66,0
DA:72,0
DA:73,0
DA:82,0
DA:83,0
DA:84,0
DA:86,0
DA:92,0
DA:93,0
DA:98,0
DA:101,0
DA:102,0
DA:107,0
DA:115,0
DA:127,1
LF:35
LH:6
BRDA:21,0,0,0
BRDA:21,0,1,0
BRDA:21,1,0,0
BRDA:21,1,1,0
BRDA:21,1,2,0
BRDA:31,2,0,0
BRDA:31,2,1,0
BRDA:47,3,0,0
BRDA:47,3,1,0
BRDA:92,4,0,0
BRDA:92,4,1,0
BRDA:101,5,0,0
BRDA:101,5,1,0
BRF:13
BRH:0
end_of_record
TN:
SF:lib\passport.js
FN:6,(anonymous_0)
FN:10,(anonymous_1)
FN:14,(anonymous_2)
FNF:3
FNH:0
FNDA:0,(anonymous_0)
FNDA:0,(anonymous_1)
FNDA:0,(anonymous_2)
DA:1,1
DA:2,1
DA:3,1
DA:4,1
DA:5,1
DA:6,1
DA:7,0
DA:10,1
DA:11,0
DA:14,1
DA:15,0
DA:16,0
DA:22,0
DA:23,0
DA:25,0
DA:28,0
DA:32,1
DA:42,1
LF:18
LH:10
BRDA:22,0,0,0
BRDA:22,0,1,0
BRF:2
BRH:0
end_of_record
TN:
SF:middleware\restrict.js
FN:1,(anonymous_0)
FNF:1
FNH:0
FNDA:0,(anonymous_0)
DA:1,1
DA:2,0
DA:3,0
DA:5,0
DA:8,1
LF:5
LH:2
BRDA:2,0,0,0
BRDA:2,0,1,0
BRF:2
BRH:0
end_of_record
TN:
SF:routes\index.js
FN:18,(anonymous_0)
FNF:1
FNH:0
FNDA:0,(anonymous_0)
DA:1,1
DA:2,1
DA:3,1
DA:4,1
DA:5,1
DA:13,1
DA:16,1
DA:18,1
DA:19,0
DA:21,0
DA:26,1
DA:28,1
DA:38,1
LF:13
LH:11
BRF:0
BRH:0
end_of_record
